<?xml version="1.0" encoding="UTF-8"?>
<testng-results ignored="0" total="1" passed="1" failed="0" skipped="0">
  <reporter-output>
  </reporter-output>
  <suite started-at="2023-07-18T21:16:56 IST" name="Default suite" finished-at="2023-07-18T21:17:08 IST" duration-ms="12891">
    <groups>
    </groups>
    <test started-at="2023-07-18T21:16:56 IST" name="Default test" finished-at="2023-07-18T21:17:08 IST" duration-ms="12891">
      <class name="Assignment.validateBrokenImages">
        <test-method is-config="true" signature="visitOnWebsite()[pri:0, instance:Assignment.validateBrokenImages@6de54b40]" started-at="2023-07-18T21:16:56 IST" name="visitOnWebsite" finished-at="2023-07-18T21:17:04 IST" duration-ms="8202" status="PASS">
          <reporter-output>
          </reporter-output>
        </test-method> <!-- visitOnWebsite -->
        <test-method signature="validatingImages()[pri:0, instance:Assignment.validateBrokenImages@6de54b40]" started-at="2023-07-18T21:17:04 IST" name="validatingImages" finished-at="2023-07-18T21:17:08 IST" duration-ms="4269" status="PASS">
          <reporter-output>
          </reporter-output>
        </test-method> <!-- validatingImages -->
        <test-method is-config="true" signature="tearDown()[pri:0, instance:Assignment.validateBrokenImages@6de54b40]" started-at="2023-07-18T21:17:08 IST" name="tearDown" finished-at="2023-07-18T21:17:08 IST" duration-ms="351" status="PASS">
          <reporter-output>
          </reporter-output>
        </test-method> <!-- tearDown -->
      </class> <!-- Assignment.validateBrokenImages -->
    </test> <!-- Default test -->
  </suite> <!-- Default suite -->
</testng-results>
